Building DAG of jobs...
Using shell: /usr/bin/bash
Provided cores: 1 (use --cores to define parallelism)
Rules claiming more threads will be scaled down.
Conda environments: ignored
Job stats:
job                    count
-------------------  -------
intercambio_gaseoso        1
total                      1

Select jobs to execute...

[Sun Sep  3 14:34:40 2023]
rule intercambio_gaseoso:
    input: code/03inter_gas.R
    output: results/plots/intercambio_gaseoso/09T_vaselina_hojas_sol.png, results/plots/intercambio_gaseoso/10T_vaselina_hojas_som.png, results/plots/intercambio_gaseoso/11ef_foto_rosalillo.png
    jobid: 0
    reason: Missing output files: results/plots/intercambio_gaseoso/11ef_foto_rosalillo.png, results/plots/intercambio_gaseoso/09T_vaselina_hojas_sol.png, results/plots/intercambio_gaseoso/10T_vaselina_hojas_som.png
    resources: tmpdir=/tmp

[Sun Sep  3 14:34:42 2023]
Finished job 0.
1 of 1 steps (100%) done
Complete log: .snakemake/log/2023-09-03T143440.180361.snakemake.log
