Building DAG of jobs...
Using shell: /usr/bin/bash
Provided cores: 1 (use --cores to define parallelism)
Rules claiming more threads will be scaled down.
Conda environments: ignored
Job stats:
job           count
----------  -------
microclima        1
total             1

Select jobs to execute...

[Sun Sep  3 14:55:22 2023]
rule microclima:
    input: code/04microclima.R
    output: results/plots/microclima/12PAR_microclima.png, results/plots/microclima/13Temp_microclima.png
    jobid: 0
    reason: Missing output files: results/plots/microclima/13Temp_microclima.png, results/plots/microclima/12PAR_microclima.png
    resources: tmpdir=/tmp

[Sun Sep  3 14:55:24 2023]
Finished job 0.
1 of 1 steps (100%) done
Complete log: .snakemake/log/2023-09-03T145522.594052.snakemake.log
