Building DAG of jobs...
Using shell: /usr/bin/bash
Provided cores: 1 (use --cores to define parallelism)
Rules claiming more threads will be scaled down.
Conda environments: ignored
Job stats:
job                      count
---------------------  -------
pigmentos_polifenoles        1
total                        1

Select jobs to execute...

[Sun Sep  3 15:32:32 2023]
rule pigmentos_polifenoles:
    input: code/05pig_pol.R
    output: results/plots/pigmentos_polifenoles/14NBI.png, results/plots/pigmentos_polifenoles/15clorofila.png, results/plots/pigmentos_polifenoles/16flavonoides.png, results/plots/pigmentos_polifenoles/17antocianinas.png, results/plots/pigmentos_polifenoles/18pca_pigmentos_polifenoles.png, results/plots/pigmentos_polifenoles/19NBI_hoja_rosalillo.png, results/plots/pigmentos_polifenoles/20nivel_colorfilas.png, results/plots/pigmentos_polifenoles/21flavos_hoja_rosalillo.png, results/plots/pigmentos_polifenoles/22antos_hoja_rosalillo.png, results/plots/pigmentos_polifenoles/23pca_pigmentos_fenoles.png
    jobid: 0
    reason: Missing output files: results/plots/pigmentos_polifenoles/19NBI_hoja_rosalillo.png, results/plots/pigmentos_polifenoles/15clorofila.png, results/plots/pigmentos_polifenoles/17antocianinas.png, results/plots/pigmentos_polifenoles/22antos_hoja_rosalillo.png, results/plots/pigmentos_polifenoles/23pca_pigmentos_fenoles.png, results/plots/pigmentos_polifenoles/20nivel_colorfilas.png, results/plots/pigmentos_polifenoles/21flavos_hoja_rosalillo.png, results/plots/pigmentos_polifenoles/18pca_pigmentos_polifenoles.png, results/plots/pigmentos_polifenoles/14NBI.png, results/plots/pigmentos_polifenoles/16flavonoides.png
    resources: tmpdir=/tmp

[Sun Sep  3 15:32:35 2023]
Error in rule pigmentos_polifenoles:
    jobid: 0
    input: code/05pig_pol.R
    output: results/plots/pigmentos_polifenoles/14NBI.png, results/plots/pigmentos_polifenoles/15clorofila.png, results/plots/pigmentos_polifenoles/16flavonoides.png, results/plots/pigmentos_polifenoles/17antocianinas.png, results/plots/pigmentos_polifenoles/18pca_pigmentos_polifenoles.png, results/plots/pigmentos_polifenoles/19NBI_hoja_rosalillo.png, results/plots/pigmentos_polifenoles/20nivel_colorfilas.png, results/plots/pigmentos_polifenoles/21flavos_hoja_rosalillo.png, results/plots/pigmentos_polifenoles/22antos_hoja_rosalillo.png, results/plots/pigmentos_polifenoles/23pca_pigmentos_fenoles.png
    conda-env: /home/juancarlos/Documentos/cuarto_carrera/AFV/practicas_camp/.snakemake/conda/caeedf5741becbc4e89d4e6c369f3794_
    shell:
        
        Rscript code/05pig_pol.R
        
        (one of the commands exited with non-zero exit code; note that snakemake uses bash strict mode!)

Removing output files of failed job pigmentos_polifenoles since they might be corrupted:
results/plots/pigmentos_polifenoles/14NBI.png, results/plots/pigmentos_polifenoles/15clorofila.png, results/plots/pigmentos_polifenoles/16flavonoides.png, results/plots/pigmentos_polifenoles/17antocianinas.png, results/plots/pigmentos_polifenoles/18pca_pigmentos_polifenoles.png
Shutting down, this might take some time.
Exiting because a job execution failed. Look above for error message
Complete log: .snakemake/log/2023-09-03T153232.863452.snakemake.log
