Building DAG of jobs...
Using shell: /usr/bin/bash
Provided cores: 1 (use --cores to define parallelism)
Rules claiming more threads will be scaled down.
Conda environments: ignored
Job stats:
job                         count
------------------------  -------
eficiencia_fotosintetica        1
total                           1

Select jobs to execute...

[Sun Sep  3 13:57:19 2023]
rule eficiencia_fotosintetica:
    input: code/02ef_fotos.R
    output: results/plots/eficiencia_fotosintetica/03PAR.png, results/plots/eficiencia_fotosintetica/04Temperatura.png, results/plots/eficiencia_fotosintetica/05fotosintesis.png, results/plots/eficiencia_fotosintetica/06transpiracion.png, results/plots/eficiencia_fotosintetica/07conductancia_estomatica.png, results/plots/eficiencia_fotosintetica/08pca_ef_foto.png
    jobid: 0
    reason: Missing output files: results/plots/eficiencia_fotosintetica/03PAR.png, results/plots/eficiencia_fotosintetica/08pca_ef_foto.png, results/plots/eficiencia_fotosintetica/06transpiracion.png, results/plots/eficiencia_fotosintetica/07conductancia_estomatica.png, results/plots/eficiencia_fotosintetica/05fotosintesis.png, results/plots/eficiencia_fotosintetica/04Temperatura.png
    resources: tmpdir=/tmp

Waiting at most 5 seconds for missing files.
MissingOutputException in rule eficiencia_fotosintetica in file /home/juancarlos/Documentos/cuarto_carrera/AFV/practicas_camp/Snakefile, line 15:
Job 0 completed successfully, but some output files are missing. Missing files after 5 seconds. This might be due to filesystem latency. If that is the case, consider to increase the wait time with --latency-wait:
results/plots/eficiencia_fotosintetica/06transpiracion.png
results/plots/eficiencia_fotosintetica/07conductancia_estomatica.png
results/plots/eficiencia_fotosintetica/08pca_ef_foto.png
Removing output files of failed job eficiencia_fotosintetica since they might be corrupted:
results/plots/eficiencia_fotosintetica/03PAR.png, results/plots/eficiencia_fotosintetica/04Temperatura.png, results/plots/eficiencia_fotosintetica/05fotosintesis.png
Shutting down, this might take some time.
Exiting because a job execution failed. Look above for error message
Complete log: .snakemake/log/2023-09-03T135719.607416.snakemake.log
