Building DAG of jobs...
Using shell: /usr/bin/bash
Provided cores: 1 (use --cores to define parallelism)
Rules claiming more threads will be scaled down.
Conda environments: ignored
Job stats:
job                         count
------------------------  -------
eficiencia_fotosintetica        1
total                           1

Select jobs to execute...

[Sun Sep  3 14:01:06 2023]
rule eficiencia_fotosintetica:
    input: code/02ef_fotos.R
    output: results/plots/eficiencia_fotosintetica/03PAR.png, results/plots/eficiencia_fotosintetica/04Temperatura.png, results/plots/eficiencia_fotosintetica/05fotosintesis.png, results/plots/eficiencia_fotosintetica/06transpiracion.png, results/plots/eficiencia_fotosintetica/07conductancia_estomatica.png, results/plots/eficiencia_fotosintetica/08pca_ef_foto.png
    jobid: 0
    reason: Missing output files: results/plots/eficiencia_fotosintetica/07conductancia_estomatica.png, results/plots/eficiencia_fotosintetica/05fotosintesis.png, results/plots/eficiencia_fotosintetica/06transpiracion.png, results/plots/eficiencia_fotosintetica/08pca_ef_foto.png, results/plots/eficiencia_fotosintetica/04Temperatura.png, results/plots/eficiencia_fotosintetica/03PAR.png
    resources: tmpdir=/tmp

[Sun Sep  3 14:01:08 2023]
Finished job 0.
1 of 1 steps (100%) done
Complete log: .snakemake/log/2023-09-03T140106.183373.snakemake.log
