Building DAG of jobs...
Using shell: /usr/bin/bash
Provided cores: 1 (use --cores to define parallelism)
Rules claiming more threads will be scaled down.
Conda environments: ignored
Job stats:
job           count
----------  -------
microclima        1
total             1

Select jobs to execute...

[Sun Sep  3 14:50:20 2023]
rule microclima:
    input: code/04microclima.R
    output: results/plots/microclima/12PAR_microclima, results/plots/microclima/13Temp_microclima
    jobid: 0
    reason: Missing output files: results/plots/microclima/13Temp_microclima, results/plots/microclima/12PAR_microclima
    resources: tmpdir=/tmp

[Sun Sep  3 14:50:21 2023]
Error in rule microclima:
    jobid: 0
    input: code/04microclima.R
    output: results/plots/microclima/12PAR_microclima, results/plots/microclima/13Temp_microclima
    conda-env: /home/juancarlos/Documentos/cuarto_carrera/AFV/practicas_camp/.snakemake/conda/caeedf5741becbc4e89d4e6c369f3794_
    shell:
        
        Rscript code/04microclima.R
        
        (one of the commands exited with non-zero exit code; note that snakemake uses bash strict mode!)

Shutting down, this might take some time.
Exiting because a job execution failed. Look above for error message
Complete log: .snakemake/log/2023-09-03T145020.264420.snakemake.log
