Building DAG of jobs...
Using shell: /usr/bin/bash
Provided cores: 1 (use --cores to define parallelism)
Rules claiming more threads will be scaled down.
Conda environments: ignored
Job stats:
job                    count
-------------------  -------
intercambio_gaseoso        1
total                      1

Select jobs to execute...

[Sun Sep  3 14:34:02 2023]
rule intercambio_gaseoso:
    input: code/03inter_gas.R
    output: results/plots/intercambio_gaseoso/09T_vaselina_hojas_sol.png, results/plots/intercambio_gaseoso/10T_vaselina_hojas_som.png, results/plots/intercambio_gaseoso/11ef_foto_rosalillo.png
    jobid: 0
    reason: Missing output files: results/plots/intercambio_gaseoso/11ef_foto_rosalillo.png, results/plots/intercambio_gaseoso/10T_vaselina_hojas_som.png, results/plots/intercambio_gaseoso/09T_vaselina_hojas_sol.png
    resources: tmpdir=/tmp

[Sun Sep  3 14:34:03 2023]
Error in rule intercambio_gaseoso:
    jobid: 0
    input: code/03inter_gas.R
    output: results/plots/intercambio_gaseoso/09T_vaselina_hojas_sol.png, results/plots/intercambio_gaseoso/10T_vaselina_hojas_som.png, results/plots/intercambio_gaseoso/11ef_foto_rosalillo.png
    conda-env: /home/juancarlos/Documentos/cuarto_carrera/AFV/practicas_camp/.snakemake/conda/caeedf5741becbc4e89d4e6c369f3794_
    shell:
        
        Rscript code/03inter_gas.R
        
        (one of the commands exited with non-zero exit code; note that snakemake uses bash strict mode!)

Shutting down, this might take some time.
Exiting because a job execution failed. Look above for error message
Complete log: .snakemake/log/2023-09-03T143401.889311.snakemake.log
